2020-10-21 16:44:34,004 [TCP-Server:103] [INFO]- mqtt连接成功！
2020-10-21 16:44:43,204 [server_data:137] [INFO]- crc校验失败
2020-10-21 16:44:43,206 [TCP-Server:55] [INFO]- 数据推送成功！--{}
2020-10-21 16:45:02,267 [server_data:137] [INFO]- crc校验失败
2020-10-21 16:45:02,271 [TCP-Server:55] [INFO]- 数据推送成功！--{}
2020-10-21 16:45:04,445 [server_data:137] [INFO]- crc校验失败
2020-10-21 16:45:04,448 [TCP-Server:55] [INFO]- 数据推送成功！--{}
2020-10-21 16:45:05,787 [server_data:137] [INFO]- crc校验失败
2020-10-21 16:45:05,791 [TCP-Server:55] [INFO]- 数据推送成功！--{}
2020-10-21 16:45:07,251 [server_data:137] [INFO]- crc校验失败
2020-10-21 16:45:07,255 [TCP-Server:55] [INFO]- 数据推送成功！--{}
2020-10-21 16:45:08,428 [server_data:137] [INFO]- crc校验失败
2020-10-21 16:45:08,431 [TCP-Server:55] [INFO]- 数据推送成功！--{}
2020-10-21 16:45:09,739 [server_data:137] [INFO]- crc校验失败
2020-10-21 16:45:09,744 [TCP-Server:55] [INFO]- 数据推送成功！--{}
2020-10-21 16:45:16,732 [server_data:137] [INFO]- crc校验失败
2020-10-21 16:45:16,734 [TCP-Server:55] [INFO]- 数据推送成功！--{}
2020-10-21 16:47:25,885 [TCP-Server:103] [INFO]- mqtt连接成功！
2020-10-21 16:47:29,832 [server_data:137] [INFO]- crc校验失败
2020-10-21 16:47:29,833 [TCP-Server:55] [INFO]- 数据推送成功！--{}
2020-10-21 16:47:57,753 [TCP-Server:103] [INFO]- mqtt连接成功！
2020-10-21 16:48:10,218 [TCP-Server:44] [ERROR]- 找不到对应的地址0x2
2020-10-21 16:48:10,220 [TCP-Server:55] [INFO]- 数据推送成功！--{}
2020-10-21 16:48:13,034 [TCP-Server:44] [ERROR]- 找不到对应的地址0x2
2020-10-21 16:48:13,035 [TCP-Server:55] [INFO]- 数据推送成功！--{}
2020-10-21 17:21:56,856 [TCP-Server:103] [INFO]- mqtt连接成功！
2020-10-21 17:22:08,269 [TCP-Server:55] [INFO]- 数据推送成功！--{'汇佳常顶油罐5101': [{'ts': 1603272128268, 'values': {'L': 0.0}}]}
2020-10-21 19:46:52,145 [TCP-Server:103] [INFO]- mqtt连接成功！
2020-10-21 19:46:57,924 [TCP-Server:55] [INFO]- 数据推送成功！--{'汇佳常顶油罐5101': [{'ts': 1603280817923, 'values': {'L': 0.0}}]}
2020-10-21 19:47:04,516 [TCP-Server:55] [INFO]- 数据推送成功！--{'汇佳常顶油罐5101': [{'ts': 1603280824516, 'values': {'L': 0.0}}]}
2020-10-21 19:47:05,764 [TCP-Server:55] [INFO]- 数据推送成功！--{'汇佳常顶油罐5101': [{'ts': 1603280825764, 'values': {'L': 0.0}}]}
2020-10-21 19:47:50,755 [TCP-Server:55] [INFO]- 数据推送成功！--{'汇佳常顶油罐5101': [{'ts': 1603280870755, 'values': {'L': -8.716194303813154e+26}}], '汇佳常侧油罐5104': [{'ts': 1603280870755, 'values': {'L': -8.716194303813154e+26}}], '汇佳减一油罐5105': [{'ts': 1603280870755, 'values': {'L': -8.716194303813154e+26}}], '汇佳减一油罐5106': [{'ts': 1603280870755, 'values': {'L': -8.716194303813154e+26}}], '汇佳轻污油罐5102': [{'ts': 1603280870755, 'values': {'L': -8.716194303813154e+26}}], '汇佳减低油罐5103': [{'ts': 1603280870755, 'values': {'L': -8.716194303813154e+26}}], '汇佳减二油罐5107': [{'ts': 1603280870755, 'values': {'L': -8.716194303813154e+26}}], '汇佳减二油罐5108': [{'ts': 1603280870755, 'values': {'L': -8.716194303813154e+26}}], '汇佳重污油罐5109': [{'ts': 1603280870755, 'values': {'L': -8.716194303813154e+26}}]}
2020-10-21 19:47:58,332 [TCP-Server:55] [INFO]- 数据推送成功！--{'汇佳常顶油罐5101': [{'ts': 1603280878332, 'values': {'L': -8.716194303813154e+26}}], '汇佳常侧油罐5104': [{'ts': 1603280878332, 'values': {'L': -8.716194303813154e+26}}], '汇佳减一油罐5105': [{'ts': 1603280878332, 'values': {'L': -8.716194303813154e+26}}], '汇佳减一油罐5106': [{'ts': 1603280878332, 'values': {'L': -8.716194303813154e+26}}], '汇佳轻污油罐5102': [{'ts': 1603280878332, 'values': {'L': -8.716194303813154e+26}}], '汇佳减低油罐5103': [{'ts': 1603280878332, 'values': {'L': -8.716194303813154e+26}}], '汇佳减二油罐5107': [{'ts': 1603280878332, 'values': {'L': -8.716194303813154e+26}}], '汇佳减二油罐5108': [{'ts': 1603280878332, 'values': {'L': -8.716194303813154e+26}}], '汇佳重污油罐5109': [{'ts': 1603280878332, 'values': {'L': -8.716194303813154e+26}}]}
2020-10-21 19:47:59,645 [TCP-Server:55] [INFO]- 数据推送成功！--{'汇佳常顶油罐5101': [{'ts': 1603280879644, 'values': {'L': -8.716194303813154e+26}}], '汇佳常侧油罐5104': [{'ts': 1603280879644, 'values': {'L': -8.716194303813154e+26}}], '汇佳减一油罐5105': [{'ts': 1603280879644, 'values': {'L': -8.716194303813154e+26}}], '汇佳减一油罐5106': [{'ts': 1603280879644, 'values': {'L': -8.716194303813154e+26}}], '汇佳轻污油罐5102': [{'ts': 1603280879644, 'values': {'L': -8.716194303813154e+26}}], '汇佳减低油罐5103': [{'ts': 1603280879644, 'values': {'L': -8.716194303813154e+26}}], '汇佳减二油罐5107': [{'ts': 1603280879644, 'values': {'L': -8.716194303813154e+26}}], '汇佳减二油罐5108': [{'ts': 1603280879644, 'values': {'L': -8.716194303813154e+26}}], '汇佳重污油罐5109': [{'ts': 1603280879644, 'values': {'L': -8.716194303813154e+26}}]}
2020-10-21 19:50:09,513 [TCP-Server:103] [INFO]- mqtt连接成功！
2020-10-21 19:50:15,347 [TCP-Server:55] [INFO]- 数据推送成功！--{'汇佳常顶油罐5101': [{'ts': 1603281015347, 'values': {'L': 0.0}}], '汇佳常侧油罐5104': [{'ts': 1603281015347, 'values': {'L': 0.0}}], '汇佳减一油罐5105': [{'ts': 1603281015347, 'values': {'L': 0.0}}], '汇佳减一油罐5106': [{'ts': 1603281015347, 'values': {'L': 0.0}}], '汇佳轻污油罐5102': [{'ts': 1603281015347, 'values': {'L': 0.0}}], '汇佳减低油罐5103': [{'ts': 1603281015347, 'values': {'L': 0.0}}], '汇佳减二油罐5107': [{'ts': 1603281015347, 'values': {'L': 0.0}}], '汇佳减二油罐5108': [{'ts': 1603281015347, 'values': {'L': 0.0}}], '汇佳重污油罐5109': [{'ts': 1603281015347, 'values': {'L': 0.0}}]}
2020-10-21 19:50:23,901 [TCP-Server:55] [INFO]- 数据推送成功！--{'汇佳常顶油罐5101': [{'ts': 1603281023900, 'values': {'L': 0.0}}], '汇佳常侧油罐5104': [{'ts': 1603281023900, 'values': {'L': 0.0}}], '汇佳减一油罐5105': [{'ts': 1603281023900, 'values': {'L': 0.0}}], '汇佳减一油罐5106': [{'ts': 1603281023900, 'values': {'L': 0.0}}], '汇佳轻污油罐5102': [{'ts': 1603281023900, 'values': {'L': 0.0}}], '汇佳减低油罐5103': [{'ts': 1603281023901, 'values': {'L': 0.0}}], '汇佳减二油罐5107': [{'ts': 1603281023901, 'values': {'L': 0.0}}], '汇佳减二油罐5108': [{'ts': 1603281023901, 'values': {'L': 0.0}}], '汇佳重污油罐5109': [{'ts': 1603281023901, 'values': {'L': 0.0}}]}
2020-10-21 19:50:25,113 [TCP-Server:55] [INFO]- 数据推送成功！--{'汇佳常顶油罐5101': [{'ts': 1603281025114, 'values': {'L': 0.0}}], '汇佳常侧油罐5104': [{'ts': 1603281025114, 'values': {'L': 0.0}}], '汇佳减一油罐5105': [{'ts': 1603281025114, 'values': {'L': 0.0}}], '汇佳减一油罐5106': [{'ts': 1603281025114, 'values': {'L': 0.0}}], '汇佳轻污油罐5102': [{'ts': 1603281025114, 'values': {'L': 0.0}}], '汇佳减低油罐5103': [{'ts': 1603281025114, 'values': {'L': 0.0}}], '汇佳减二油罐5107': [{'ts': 1603281025114, 'values': {'L': 0.0}}], '汇佳减二油罐5108': [{'ts': 1603281025114, 'values': {'L': 0.0}}], '汇佳重污油罐5109': [{'ts': 1603281025114, 'values': {'L': 0.0}}]}
2020-10-21 19:51:03,548 [TCP-Server:55] [INFO]- 数据推送成功！--{'汇佳减三油罐5111': [{'ts': 1603281063548, 'values': {'L': -0.0}}], '汇佳调和油罐5112': [{'ts': 1603281063548, 'values': {'L': -0.0}}], '汇佳原料油罐5113': [{'ts': 1603281063548, 'values': {'L': -0.0}}], '汇佳原料油罐5114': [{'ts': 1603281063548, 'values': {'L': -0.0}}], '汇佳原料油罐5115': [{'ts': 1603281063548, 'values': {'L': -0.0}}]}
